Remove Pin=J1-2 From Net=LED
Remove Pin=P23-1 From Net=MTR1_A1
Remove Pin=P23-2 From Net=MTR1_A2
Remove Pin=P23-3 From Net=MTR1_B1
Remove Pin=P23-4 From Net=MTR1_B2
Remove Pin=P24-1 From Net=MTR2_A1
Remove Pin=P24-2 From Net=MTR2_A2
Remove Pin=P24-3 From Net=MTR2_B1
Remove Pin=P24-4 From Net=MTR2_B2
Remove Pin=P25-1 From Net=MTR1_PWM
Remove Pin=P25-2 From Net=MTR1_DIR
Remove Pin=P26-1 From Net=MTR2_PWM
Remove Pin=P26-2 From Net=MTR2_DIR
Remove Pin=P29-1 From Net=3V3_ENC
Remove Pin=P29-2 From Net=ENC_1A
Remove Pin=P29-3 From Net=ENC_1B
Remove Pin=P30-1 From Net=3V3_ENC
Remove Pin=P30-2 From Net=ENC_2A
Remove Pin=P30-3 From Net=ENC_2B
Remove Pin=R7-1 From Net=BUZZER
Remove Pin=R8-2 From Net=BOOT0
Remove Pin=R10-1 From Net=LED
Remove Pin=R11-2 From Net=ESP_GPIO0
Remove Pin=R12-2 From Net=ESP_GPIO2
Remove Pin=R13-2 From Net=ESP_ENB
Remove Pin=R16-2 From Net=ESP_GPIO15
Remove Pin=R28-2 From Net=DWM_TX_LED
Remove Pin=R29-2 From Net=DWM_RX_LED
Remove Pin=U3-2 From Net=BUZZER
Remove Pin=U3-7 From Net=NRST
Remove Pin=U3-34 From Net=SWDIO
Remove Pin=U3-37 From Net=SWCLK
