Change Component Designator: Old Designator=C31 New Designator=C23
Change Component Designator: Old Designator=C32 New Designator=C24
Change Component Designator: Old Designator=C33 New Designator=C25
Change Component Designator: Old Designator=D7 New Designator=D4
Change Component Designator: Old Designator=D8 New Designator=D5
Change Component Designator: Old Designator=D9 New Designator=D6
Change Component Designator: Old Designator=D10 New Designator=D7
Change Component Designator: Old Designator=D11 New Designator=D8
Change Component Designator: Old Designator=D12 New Designator=D9
Change Component Designator: Old Designator=P20 New Designator=P7
Change Component Designator: Old Designator=P21 New Designator=P8
Change Component Designator: Old Designator=P22 New Designator=P9
Change Component Designator: Old Designator=P24 New Designator=P11
Change Component Designator: Old Designator=P25 New Designator=P12
Change Component Designator: Old Designator=P? New Designator=P10
Change Component Designator: Old Designator=R33 New Designator=R22
Change Component Designator: Old Designator=R34 New Designator=R23
Change Component Designator: Old Designator=R35 New Designator=R24
Change Component Designator: Old Designator=R36 New Designator=R25
Change Component Designator: Old Designator=R37 New Designator=R26
Change Component Designator: Old Designator=R38 New Designator=R27
Change Component Designator: Old Designator=R39 New Designator=R28
Change Component Designator: Old Designator=R40 New Designator=R29
Change Component Designator: Old Designator=S6 New Designator=S3
Change Component Designator: Old Designator=S7 New Designator=S4
Change Component Designator: Old Designator=U7 New Designator=U4
