Change Component Designator: Old Designator=* New Designator=*2
Change Component Designator: Old Designator= New Designator=1
Change Component Designator: Old Designator=C25 New Designator=C17
Change Component Designator: Old Designator=C26 New Designator=C18
Change Component Designator: Old Designator=C27 New Designator=C19
Change Component Designator: Old Designator=C28 New Designator=C20
Change Component Designator: Old Designator=C29 New Designator=C21
Change Component Designator: Old Designator=C30 New Designator=C22
Change Component Designator: Old Designator=D5 New Designator=D3
Change Component Designator: Old Designator=D6 New Designator=D2
Change Component Designator: Old Designator=Q4 New Designator=Q7
Change Component Designator: Old Designator=Q6 New Designator=Q4
Change Component Designator: Old Designator=Q7 New Designator=Q6
Change Component Designator: Old Designator=R22 New Designator=R11
Change Component Designator: Old Designator=R23 New Designator=R18
Change Component Designator: Old Designator=R24 New Designator=R12
Change Component Designator: Old Designator=R25 New Designator=R20
Change Component Designator: Old Designator=R26 New Designator=R13
Change Component Designator: Old Designator=R27 New Designator=R15
Change Component Designator: Old Designator=R28 New Designator=R19
Change Component Designator: Old Designator=R29 New Designator=R16
Change Component Designator: Old Designator=R30 New Designator=R21
Change Component Designator: Old Designator=R31 New Designator=R14
Change Component Designator: Old Designator=R32 New Designator=R17
